
17/กรกฎาคม/2558 04:47:11
Exception Message :
Exception StackTrace :
OS : Microsoft Windows NT 6.1.7601 Service Pack 1
User Name : LENOVO
Machine Name : DEVMAN072

17/กรกฎาคม/2558 08:05:54
Exception Message :
Exception StackTrace :
OS : Microsoft Windows NT 6.1.7601 Service Pack 1
User Name : LENOVO
Machine Name : DEVMAN072

17/กรกฎาคม/2558 08:18:35
Exception Message :
Exception StackTrace :
OS : Microsoft Windows NT 6.1.7601 Service Pack 1
User Name : LENOVO
Machine Name : DEVMAN072

17/กรกฎาคม/2558 08:58:03
Exception Message :
Exception StackTrace :
OS : Microsoft Windows NT 6.1.7601 Service Pack 1
User Name : LENOVO
Machine Name : DEVMAN072

16/ตุลาคม/2558 15:55:56
Exception Message :
Exception StackTrace :
OS : Microsoft Windows NT 6.1.7601 Service Pack 1
User Name : LENOVO
Machine Name : DEVMAN072
