
16/ตุลาคม/2558 15:51:26
Log Message :ImportGLRef : Start Create Dir : D:\Share\WBS\ST01

16/ตุลาคม/2558 15:51:26
Log Message :ImportGLRef : Finish Create Dir

16/ตุลาคม/2558 15:51:33
Log Message :ImportGLRef : File- D:\Share\WBS\ST01\30b6bdf6-5616-40d1-a53d-2fba039b8e3e.xml

16/ตุลาคม/2558 15:54:25
Log Message :ImportGLRef : Start Create Dir : D:\Share\WBS\

16/ตุลาคม/2558 15:54:25
Log Message :ImportGLRef : Finish Create Dir

16/ตุลาคม/2558 15:54:27
Log Message :ImportGLRef : File- D:\Share\WBS\7906f191-f821-4843-a075-6b489dbe9b09.xml

16/ตุลาคม/2558 15:55:56
Exception Message :
Exception StackTrace :
OS : Microsoft Windows NT 6.1.7601 Service Pack 1
User Name : LENOVO
Machine Name : DEVMAN072

16/ตุลาคม/2558 15:56:41
Log Message :ImportGLRef : Start Create Dir : D:\Share\WBS\

16/ตุลาคม/2558 15:56:41
Log Message :ImportGLRef : Finish Create Dir

16/ตุลาคม/2558 15:56:43
Log Message :ImportGLRef : File- D:\Share\WBS\7906f191-f821-4843-a075-6b489dbe9b09.xml

16/ตุลาคม/2558 16:22:48
Log Message :ImportGLRef : Start Create Dir : D:\Share\WBS\

16/ตุลาคม/2558 16:22:48
Log Message :ImportGLRef : Finish Create Dir

16/ตุลาคม/2558 16:23:37
Log Message :ImportGLRef : File- D:\Share\WBS\7906f191-f821-4843-a075-6b489dbe9b09.xml

16/ตุลาคม/2558 16:28:01
Log Message :ImportGLRef : Start Create Dir : D:\Share\WBS\

16/ตุลาคม/2558 16:28:01
Log Message :ImportGLRef : Finish Create Dir

16/ตุลาคม/2558 16:28:03
Log Message :ImportGLRef : File- D:\Share\WBS\7906f191-f821-4843-a075-6b489dbe9b09.xml

16/ตุลาคม/2558 16:29:20
Log Message :ImportGLRef : Start Create Dir : D:\Share\WBS\

16/ตุลาคม/2558 16:29:20
Log Message :ImportGLRef : Finish Create Dir

16/ตุลาคม/2558 16:29:22
Log Message :ImportGLRef : File- D:\Share\WBS\7906f191-f821-4843-a075-6b489dbe9b09.xml

16/ตุลาคม/2558 16:29:57
Log Message :ImportGLRef : Start Create Dir : D:\Share\WBS\

16/ตุลาคม/2558 16:29:57
Log Message :ImportGLRef : Finish Create Dir

16/ตุลาคม/2558 16:29:58
Log Message :ImportGLRef : File- D:\Share\WBS\7906f191-f821-4843-a075-6b489dbe9b09.xml

16/ตุลาคม/2558 16:30:38
Log Message :ImportGLRef : File- D:\Share\WBS\c4bf51aa-0e1f-42de-9162-9d0ea350ffad.xml
