
17/กรกฎาคม/2558 03:02:07
Log Message :ErrorMsg: Message : [DBNETLIB][ConnectionOpen (Connect()).]SQL Server does not exist or access denied.
Source: Microsoft OLE DB Provider for SQL Server
TargetSite : Void .ctor(System.Data.OleDb.OleDbConnectionString, System.Data.OleDb.OleDbConnection)

17/กรกฎาคม/2558 03:09:34
Log Message :Complete : SyncInvoice

17/กรกฎาคม/2558 03:09:39
Log Message :Complete : SyncInvoice

17/กรกฎาคม/2558 03:32:24
Log Message :ErrorMsg: 

17/กรกฎาคม/2558 07:20:40
Log Message :Complete : SyncInvoice

17/กรกฎาคม/2558 07:20:42
Log Message :Complete : SyncInvoice

17/กรกฎาคม/2558 08:17:38
Log Message :Complete : SyncInvoice

17/กรกฎาคม/2558 08:17:38
Log Message :Complete : SyncInvoice

17/กรกฎาคม/2558 08:59:47
Log Message :Complete : SyncInvoice

17/กรกฎาคม/2558 08:59:47
Log Message :Complete : SyncInvoice

18/กรกฎาคม/2558 17:53:21
Log Message :Complete : SyncInvoice

18/กรกฎาคม/2558 17:53:21
Log Message :Complete : SyncInvoice

16/ตุลาคม/2558 15:07:46
Log Message :ErrorMsg: 

16/ตุลาคม/2558 15:08:49
Log Message :ErrorMsg: 

16/ตุลาคม/2558 15:10:04
Log Message :ErrorMsg: 

16/ตุลาคม/2558 15:17:05
Log Message :Complete : SyncInvoice

16/ตุลาคม/2558 15:17:09
Log Message :Complete : SyncInvoice

16/ตุลาคม/2558 15:17:09
Log Message :Complete : SyncInvoice

16/ตุลาคม/2558 15:17:09
Log Message :Complete : SyncInvoice

16/ตุลาคม/2558 15:17:09
Log Message :Complete : SyncInvoice

16/ตุลาคม/2558 15:17:09
Log Message :Complete : SyncInvoice

16/ตุลาคม/2558 15:17:09
Log Message :Complete : SyncInvoice

09/สิงหาคม/2559 11:15:29
Log Message :Complete : SyncInvoice

09/สิงหาคม/2559 11:15:34
Log Message :Complete : SyncInvoice

09/สิงหาคม/2559 11:15:35
Log Message :Complete : SyncInvoice

09/สิงหาคม/2559 11:15:38
Log Message :Complete : SyncInvoice

09/สิงหาคม/2559 11:15:38
Log Message :Complete : SyncInvoice

09/สิงหาคม/2559 11:15:38
Log Message :Complete : SyncInvoice

09/สิงหาคม/2559 11:15:38
Log Message :Complete : SyncInvoice

09/สิงหาคม/2559 11:15:38
Log Message :Complete : SyncInvoice

09/สิงหาคม/2559 11:15:38
Log Message :Complete : SyncInvoice

09/สิงหาคม/2559 11:15:38
Log Message :Complete : SyncInvoice

09/สิงหาคม/2559 11:15:38
Log Message :Complete : SyncInvoice

09/สิงหาคม/2559 11:15:38
Log Message :Complete : SyncInvoice

09/สิงหาคม/2559 11:15:38
Log Message :Complete : SyncInvoice

09/สิงหาคม/2559 11:15:38
Log Message :Complete : SyncInvoice

09/สิงหาคม/2559 11:15:38
Log Message :Complete : SyncInvoice

09/สิงหาคม/2559 11:15:38
Log Message :Complete : SyncInvoice

09/สิงหาคม/2559 11:15:38
Log Message :Complete : SyncInvoice

09/สิงหาคม/2559 11:15:38
Log Message :Complete : SyncInvoice

09/สิงหาคม/2559 11:15:38
Log Message :Complete : SyncInvoice

09/สิงหาคม/2559 11:15:38
Log Message :Complete : SyncInvoice

09/สิงหาคม/2559 11:15:38
Log Message :Complete : SyncInvoice

09/สิงหาคม/2559 11:15:39
Log Message :Complete : SyncInvoice

09/สิงหาคม/2559 11:15:39
Log Message :Complete : SyncInvoice

09/สิงหาคม/2559 11:15:39
Log Message :Complete : SyncInvoice

09/สิงหาคม/2559 11:15:39
Log Message :Complete : SyncInvoice

09/สิงหาคม/2559 11:15:39
Log Message :Complete : SyncInvoice

09/สิงหาคม/2559 11:15:39
Log Message :Complete : SyncInvoice

09/สิงหาคม/2559 11:15:39
Log Message :Complete : SyncInvoice

09/สิงหาคม/2559 11:15:39
Log Message :Complete : SyncInvoice

09/สิงหาคม/2559 11:15:39
Log Message :Complete : SyncInvoice

09/สิงหาคม/2559 11:15:39
Log Message :Complete : SyncInvoice

09/สิงหาคม/2559 11:15:39
Log Message :Complete : SyncInvoice

09/สิงหาคม/2559 11:15:39
Log Message :Complete : SyncInvoice

09/สิงหาคม/2559 11:15:39
Log Message :Complete : SyncInvoice

09/สิงหาคม/2559 11:15:39
Log Message :Complete : SyncInvoice

09/สิงหาคม/2559 11:15:39
Log Message :Complete : SyncInvoice

09/สิงหาคม/2559 11:15:39
Log Message :Complete : SyncInvoice

09/สิงหาคม/2559 11:15:39
Log Message :Complete : SyncInvoice

09/สิงหาคม/2559 11:15:39
Log Message :Complete : SyncInvoice

09/สิงหาคม/2559 11:15:39
Log Message :Complete : SyncInvoice

09/สิงหาคม/2559 11:15:39
Log Message :Complete : SyncInvoice

09/สิงหาคม/2559 11:15:39
Log Message :Complete : SyncInvoice

09/สิงหาคม/2559 11:15:39
Log Message :Complete : SyncInvoice

09/สิงหาคม/2559 11:15:39
Log Message :Complete : SyncInvoice

09/สิงหาคม/2559 11:15:39
Log Message :Complete : SyncInvoice

09/สิงหาคม/2559 11:15:39
Log Message :Complete : SyncInvoice

09/สิงหาคม/2559 11:15:39
Log Message :Complete : SyncInvoice

09/สิงหาคม/2559 11:15:39
Log Message :Complete : SyncInvoice

09/สิงหาคม/2559 11:54:31
Log Message :Complete : SyncInvoice

09/สิงหาคม/2559 11:54:31
Log Message :Complete : SyncInvoice

09/สิงหาคม/2559 11:54:31
Log Message :Complete : SyncInvoice

09/สิงหาคม/2559 11:54:31
Log Message :Complete : SyncInvoice

09/สิงหาคม/2559 11:54:31
Log Message :Complete : SyncInvoice

09/สิงหาคม/2559 11:54:31
Log Message :Complete : SyncInvoice

09/สิงหาคม/2559 11:54:31
Log Message :Complete : SyncInvoice

09/สิงหาคม/2559 11:54:31
Log Message :Complete : SyncInvoice

09/สิงหาคม/2559 11:55:38
Log Message :Complete : SyncInvoice
