
19/ธันวาคม/2558 06:59:24
Exception Message :
The statement has been terminated.
Cannot insert the value NULL into column 'CACTIVE', table 'WBS2.dbo.APPLOGIN'; column does not allow nulls. INSERT fails.
Exception StackTrace :
   at System.Data.OleDb.OleDbCommand.ExecuteReaderInternal(CommandBehavior behavior, String method)
   at System.Data.OleDb.OleDbCommand.ExecuteNonQuery()
   at WS.Data.Agents.cDBMSAgent.BatchSQLExec(String tstrinSQLStr, Object[] inPara, String& ioErrorMsg, IDbConnection inDBConn, IDbTransaction inDBTrans)
   at BeSmartMRP.DatabaseForms.frmAppEmpl.pmUpdateRecord() in D:\WORK\CSHARP\DevRoom\DiamondSoft.Project\OnDev\v4\BeSmartWMS\BeSmartMRP\DatabaseForms\frmAppEmpl.cs:line 762
OS : Microsoft Windows NT 6.1.7601 Service Pack 1
User Name : LENOVO
Machine Name : DEVMAN072

19/ธันวาคม/2558 09:54:45
Exception Message :
The statement has been terminated.
Cannot insert the value NULL into column 'CLOCALE_UI', table 'WBS2.dbo.APPLOGIN'; column does not allow nulls. INSERT fails.
Exception StackTrace :
   at System.Data.OleDb.OleDbCommand.ExecuteReaderInternal(CommandBehavior behavior, String method)
   at System.Data.OleDb.OleDbCommand.ExecuteNonQuery()
   at WS.Data.Agents.cDBMSAgent.BatchSQLExec(String tstrinSQLStr, Object[] inPara, String& ioErrorMsg, IDbConnection inDBConn, IDbTransaction inDBTrans)
   at BeSmartMRP.DatabaseForms.frmAppEmpl.pmUpdateRecord() in D:\WORK\CSHARP\DevRoom\DiamondSoft.Project\OnDev\v4\BeSmartWMS\BeSmartMRP\DatabaseForms\frmAppEmpl.cs:line 763
OS : Microsoft Windows NT 6.1.7601 Service Pack 1
User Name : LENOVO
Machine Name : DEVMAN072

26/ธันวาคม/2558 19:42:53
Exception Message :
There is no row at position 0.
Exception StackTrace :
   at System.Data.RBTree`1.GetNodeByIndex(Int32 userIndex)
   at System.Data.DataRowCollection.get_Item(Int32 index)
   at BeSmartMRP.Permission.frmSetPermission.pmSaveAuthB() in D:\WORK\CSHARP\DevRoom\DiamondSoft.Project\OnDev\v4\BeSmartWMS\BeSmartMRP\Permission\frmSetPermission.cs:line 955
OS : Microsoft Windows NT 6.1.7601 Service Pack 1
User Name : LENOVO
Machine Name : DEVMAN072

27/ธันวาคม/2558 11:10:15
Exception Message :
โหลดรายงานไม่สำเร็จ
Exception StackTrace :
   at CrystalDecisions.ReportAppServer.ReportClientDocumentWrapper.EnsureDocumentIsOpened()
   at CrystalDecisions.CrystalReports.Engine.ReportDocument.Load(String filename, OpenReportMethod openMethod, Int16 parentJob)
   at CrystalDecisions.CrystalReports.Engine.ReportDocument.Load(String filename)
   at BeSmartMRP.Report.XRSTCARD01.pmPreviewReport(DataSet inData) in D:\WORK\CSHARP\DevRoom\DiamondSoft.Project\OnDev\v4\BeSmartWMS\BeSmartMRP\Report\XRSTCARD01.cs:line 1432
   at BeSmartMRP.Report.XRSTCARD01.pmPrintData() in D:\WORK\CSHARP\DevRoom\DiamondSoft.Project\OnDev\v4\BeSmartWMS\BeSmartMRP\Report\XRSTCARD01.cs:line 1314
   at BeSmartMRP.Report.XRSTCARD01.btnPrint_Click(Object sender, EventArgs e) in D:\WORK\CSHARP\DevRoom\DiamondSoft.Project\OnDev\v4\BeSmartWMS\BeSmartMRP\Report\XRSTCARD01.cs:line 966
   at System.Windows.Forms.Control.OnClick(EventArgs e)
   at DevExpress.XtraEditors.BaseButton.OnClick(EventArgs e)
   at DevExpress.XtraEditors.BaseButton.OnMouseUp(MouseEventArgs e)
   at System.Windows.Forms.Control.WmMouseUp(Message& m, MouseButtons button, Int32 clicks)
   at System.Windows.Forms.Control.WndProc(Message& m)
   at DevExpress.Utils.Controls.ControlBase.WndProc(Message& m)
   at DevExpress.XtraEditors.BaseControl.WndProc(Message& msg)
   at System.Windows.Forms.Control.ControlNativeWindow.OnMessage(Message& m)
   at System.Windows.Forms.Control.ControlNativeWindow.WndProc(Message& m)
   at System.Windows.Forms.NativeWindow.Callback(IntPtr hWnd, Int32 msg, IntPtr wparam, IntPtr lparam)
OS : Microsoft Windows NT 6.1.7601 Service Pack 1
User Name : LENOVO
Machine Name : DEVMAN072

28/ธันวาคม/2558 16:58:50
Exception Message :
Object reference not set to an instance of an object.
Exception StackTrace :
   at CrystalDecisions.Windows.Forms.PageControl.OnMouseMove(MouseEventArgs e)
   at System.Windows.Forms.Control.WmMouseMove(Message& m)
   at System.Windows.Forms.Control.WndProc(Message& m)
   at System.Windows.Forms.ScrollableControl.WndProc(Message& m)
   at System.Windows.Forms.ContainerControl.WndProc(Message& m)
   at System.Windows.Forms.UserControl.WndProc(Message& m)
   at CrystalDecisions.Windows.Forms.PageControl.WndProc(Message& m)
   at System.Windows.Forms.Control.ControlNativeWindow.OnMessage(Message& m)
   at System.Windows.Forms.Control.ControlNativeWindow.WndProc(Message& m)
   at System.Windows.Forms.NativeWindow.Callback(IntPtr hWnd, Int32 msg, IntPtr wparam, IntPtr lparam)
OS : Microsoft Windows NT 6.1.7601 Service Pack 1
User Name : LENOVO
Machine Name : DEVMAN072

29/ธันวาคม/2558 07:59:00
Exception Message :
โหลดรายงานไม่สำเร็จ
Exception StackTrace :
   at CrystalDecisions.ReportAppServer.ReportClientDocumentWrapper.EnsureDocumentIsOpened()
   at CrystalDecisions.CrystalReports.Engine.ReportDocument.Load(String filename, OpenReportMethod openMethod, Int16 parentJob)
   at CrystalDecisions.CrystalReports.Engine.ReportDocument.Load(String filename)
   at BeSmartMRP.Report.XRSTCARD01.pmPreviewReport(DataSet inData) in D:\WORK\CSHARP\DevRoom\DiamondSoft.Project\OnDev\v4\BeSmartWMS\BeSmartMRP\Report\XRSTCARD01.cs:line 1500
   at BeSmartMRP.Report.XRSTCARD01.pmPrintData() in D:\WORK\CSHARP\DevRoom\DiamondSoft.Project\OnDev\v4\BeSmartWMS\BeSmartMRP\Report\XRSTCARD01.cs:line 1382
   at BeSmartMRP.Report.XRSTCARD01.btnPrint_Click(Object sender, EventArgs e) in D:\WORK\CSHARP\DevRoom\DiamondSoft.Project\OnDev\v4\BeSmartWMS\BeSmartMRP\Report\XRSTCARD01.cs:line 973
   at System.Windows.Forms.Control.OnClick(EventArgs e)
   at DevExpress.XtraEditors.BaseButton.OnClick(EventArgs e)
   at DevExpress.XtraEditors.BaseButton.OnMouseUp(MouseEventArgs e)
   at System.Windows.Forms.Control.WmMouseUp(Message& m, MouseButtons button, Int32 clicks)
   at System.Windows.Forms.Control.WndProc(Message& m)
   at DevExpress.Utils.Controls.ControlBase.WndProc(Message& m)
   at DevExpress.XtraEditors.BaseControl.WndProc(Message& msg)
   at System.Windows.Forms.Control.ControlNativeWindow.OnMessage(Message& m)
   at System.Windows.Forms.Control.ControlNativeWindow.WndProc(Message& m)
   at System.Windows.Forms.NativeWindow.Callback(IntPtr hWnd, Int32 msg, IntPtr wparam, IntPtr lparam)
OS : Microsoft Windows NT 6.1.7601 Service Pack 1
User Name : LENOVO
Machine Name : DEVMAN072
